<?xml version="1.0" encoding="UTF-8"?>
<!-- Generated by org.testng.reporters.JUnitReportReporter -->
<testsuite skipped="0" hostname="DESKTOP-27L8JE7" name="demoproject.June3PMSelenium.TestMethodParallel" tests="3" failures="0" timestamp="13 Jun 2021 10:02:06 GMT" time="0.153" errors="0">
  <testcase name="test1" time="0.043" classname="demoproject.June3PMSelenium.TestMethodParallel"/>
  <testcase name="test2" time="0.051" classname="demoproject.June3PMSelenium.TestMethodParallel"/>
  <testcase name="test3" time="0.059" classname="demoproject.June3PMSelenium.TestMethodParallel"/>
</testsuite> <!-- demoproject.June3PMSelenium.TestMethodParallel -->
