<?xml version="1.0" encoding="UTF-8"?>
<!-- Generated by org.testng.reporters.JUnitReportReporter -->
<testsuite skipped="1" hostname="DESKTOP-27L8JE7" name="pom.POM_001" tests="2" failures="0" timestamp="13 Jul 2021 10:37:28 GMT" time="29.994" errors="0">
  <testcase name="registration" time="29.994" classname="pom.POM_001"/>
  <testcase name="f" classname="pom.POM_001">
    <skipped/>
  </testcase> <!-- f -->
</testsuite> <!-- pom.POM_001 -->
