<?xml version="1.0" encoding="UTF-8"?>
<!-- Generated by org.testng.reporters.JUnitReportReporter -->
<testsuite skipped="0" hostname="DESKTOP-27L8JE7" name="excelDataDriven.DataManagementWithHashTable" tests="3" failures="0" timestamp="22 Jun 2021 10:20:38 GMT" time="0.067" errors="0">
  <testcase name="f" time="0.047" classname="excelDataDriven.DataManagementWithHashTable"/>
  <testcase name="f" time="0.008" classname="excelDataDriven.DataManagementWithHashTable"/>
  <testcase name="f" time="0.012" classname="excelDataDriven.DataManagementWithHashTable"/>
</testsuite> <!-- excelDataDriven.DataManagementWithHashTable -->
