<?xml version="1.0" encoding="UTF-8"?>
<!-- Generated by org.testng.reporters.JUnitReportReporter -->
<testsuite skipped="0" hostname="DESKTOP-27L8JE7" name="demoproject.June3PMSelenium.CheckBox1" tests="2" failures="0" timestamp="12 Jun 2021 11:35:46 GMT" time="58.420" errors="0">
  <testcase name="checkboxTest" time="26.575" classname="demoproject.June3PMSelenium.CheckBox1"/>
  <testcase name="checkboxTest" time="31.845" classname="demoproject.June3PMSelenium.CheckBox1"/>
</testsuite> <!-- demoproject.June3PMSelenium.CheckBox1 -->
