<?xml version="1.0" encoding="UTF-8"?>
<!-- Generated by org.testng.reporters.JUnitReportReporter -->
<testsuite skipped="0" hostname="DESKTOP-27L8JE7" name="demoproject.June3PMSelenium.LinksTesting1" tests="2" failures="0" timestamp="12 Jun 2021 11:35:46 GMT" time="83.861" errors="0">
  <testcase name="linktesting1" time="52.824" classname="demoproject.June3PMSelenium.LinksTesting1"/>
  <testcase name="linktesting1" time="31.037" classname="demoproject.June3PMSelenium.LinksTesting1"/>
</testsuite> <!-- demoproject.June3PMSelenium.LinksTesting1 -->
