<?xml version="1.0" encoding="UTF-8"?>
<!-- Generated by org.testng.reporters.JUnitReportReporter -->
<testsuite skipped="0" hostname="DESKTOP-27L8JE7" name="demoproject.June3PMSelenium.NewTest" tests="1" failures="0" timestamp="12 Jun 2021 11:08:55 GMT" time="0.020" errors="0">
  <testcase name="f" time="0.020" classname="demoproject.June3PMSelenium.NewTest"/>
</testsuite> <!-- demoproject.June3PMSelenium.NewTest -->
