<?xml version="1.0" encoding="UTF-8"?>
<!-- Generated by org.testng.reporters.JUnitReportReporter -->
<testsuite skipped="0" hostname="DESKTOP-27L8JE7" name="demoproject.June3PMSelenium.CheckBox1" tests="1" failures="0" timestamp="13 Jun 2021 10:50:57 GMT" time="25.446" errors="0">
  <testcase name="checkboxTest" time="25.446" classname="demoproject.June3PMSelenium.CheckBox1"/>
</testsuite> <!-- demoproject.June3PMSelenium.CheckBox1 -->
