<?xml version="1.0" encoding="UTF-8"?>
<!-- Generated by org.testng.reporters.JUnitReportReporter -->
<testsuite skipped="0" hostname="DESKTOP-27L8JE7" name="suiteA.TestA2" tests="1" failures="0" timestamp="13 Jun 2021 10:21:54 GMT" time="4.029" errors="0">
  <testcase name="f" time="4.029" classname="suiteA.TestA2"/>
</testsuite> <!-- suiteA.TestA2 -->
