<?xml version="1.0" encoding="UTF-8"?>
<!-- Generated by org.testng.reporters.JUnitReportReporter -->
<testsuite skipped="0" hostname="DESKTOP-27L8JE7" name="demoproject.June3PMSelenium.TNG_002" tests="1" failures="0" timestamp="13 Jun 2021 10:53:44 GMT" time="60.242" errors="0">
  <testcase name="amazon" time="60.242" classname="demoproject.June3PMSelenium.TNG_002"/>
</testsuite> <!-- demoproject.June3PMSelenium.TNG_002 -->
