<?xml version="1.0" encoding="UTF-8"?>
<!-- Generated by org.testng.reporters.JUnitReportReporter -->
<testsuite skipped="0" hostname="DESKTOP-27L8JE7" name="demoproject.June3PMSelenium.RadioButton1" tests="2" failures="0" timestamp="12 Jun 2021 11:35:46 GMT" time="71.318" errors="0">
  <testcase name="radioButtonTest" time="39.913" classname="demoproject.June3PMSelenium.RadioButton1"/>
  <testcase name="radioButtonTest" time="31.405" classname="demoproject.June3PMSelenium.RadioButton1"/>
</testsuite> <!-- demoproject.June3PMSelenium.RadioButton1 -->
