<?xml version="1.0" encoding="UTF-8"?>
<!-- Generated by org.testng.reporters.JUnitReportReporter -->
<testsuite skipped="1" hostname="DESKTOP-27L8JE7" name="demoproject.June3PMSelenium.TNG_001" tests="3" failures="0" timestamp="12 Jun 2021 11:08:55 GMT" time="0.020" errors="0">
  <testcase name="f" time="0.014" classname="demoproject.June3PMSelenium.TNG_001"/>
  <testcase name="a" time="0.006" classname="demoproject.June3PMSelenium.TNG_001"/>
  <testcase name="z" classname="demoproject.June3PMSelenium.TNG_001">
    <skipped/>
  </testcase> <!-- z -->
</testsuite> <!-- demoproject.June3PMSelenium.TNG_001 -->
