<?xml version="1.0" encoding="UTF-8"?>
<!-- Generated by org.testng.reporters.JUnitReportReporter -->
<testsuite skipped="1" hostname="DESKTOP-27L8JE7" name="excelDataDriven.DataManagentFinalVersion" tests="2" failures="0" timestamp="22 Jun 2021 10:27:18 GMT" time="34.698" errors="0">
  <testcase name="f" time="34.695" classname="excelDataDriven.DataManagentFinalVersion"/>
  <testcase name="f" time="0.003" classname="excelDataDriven.DataManagentFinalVersion">
    <skipped/>
  </testcase> <!-- f -->
</testsuite> <!-- excelDataDriven.DataManagentFinalVersion -->
