<?xml version="1.0" encoding="UTF-8"?>
<!-- Generated by org.testng.reporters.JUnitReportReporter -->
<testsuite skipped="0" hostname="DESKTOP-27L8JE7" name="switches.AlertHandling" tests="1" failures="0" timestamp="19 Jul 2021 09:57:18 GMT" time="20.521" errors="0">
  <testcase name="f" time="20.521" classname="switches.AlertHandling"/>
</testsuite> <!-- switches.AlertHandling -->
