<?xml version="1.0" encoding="UTF-8"?>
<!-- Generated by org.testng.reporters.JUnitReportReporter -->
<testsuite skipped="6" hostname="DESKTOP-27L8JE7" name="actionsAndJavascript.MouseOperations" tests="7" failures="0" timestamp="20 Jul 2021 10:17:32 GMT" time="15.952" errors="0">
  <testcase name="autoSuggestion" time="15.952" classname="actionsAndJavascript.MouseOperations"/>
  <testcase name="resizeMethod" classname="actionsAndJavascript.MouseOperations">
    <skipped/>
  </testcase> <!-- resizeMethod -->
  <testcase name="MoveToelement" classname="actionsAndJavascript.MouseOperations">
    <skipped/>
  </testcase> <!-- MoveToelement -->
  <testcase name="rightClickMethod" classname="actionsAndJavascript.MouseOperations">
    <skipped/>
  </testcase> <!-- rightClickMethod -->
  <testcase name="dragAnddrop" classname="actionsAndJavascript.MouseOperations">
    <skipped/>
  </testcase> <!-- dragAnddrop -->
  <testcase name="slider" classname="actionsAndJavascript.MouseOperations">
    <skipped/>
  </testcase> <!-- slider -->
  <testcase name="Browserslider" classname="actionsAndJavascript.MouseOperations">
    <skipped/>
  </testcase> <!-- Browserslider -->
</testsuite> <!-- actionsAndJavascript.MouseOperations -->
