<?xml version="1.0" encoding="UTF-8"?>
<!-- Generated by org.testng.reporters.JUnitReportReporter -->
<testsuite skipped="0" hostname="DESKTOP-27L8JE7" name="demoproject.June3PMSelenium.TNG_002" tests="2" failures="0" timestamp="12 Jun 2021 11:35:46 GMT" time="88.394" errors="0">
  <testcase name="amazon" time="60.812" classname="demoproject.June3PMSelenium.TNG_002"/>
  <testcase name="amazon" time="27.582" classname="demoproject.June3PMSelenium.TNG_002"/>
</testsuite> <!-- demoproject.June3PMSelenium.TNG_002 -->
