<?xml version="1.0" encoding="UTF-8"?>
<!-- Generated by org.testng.reporters.JUnitReportReporter -->
<testsuite skipped="0" hostname="DESKTOP-27L8JE7" name="testcases.CreatePrortifolio" tests="1" failures="0" timestamp="2021-07-28T16:16:23 IST" time="12.474" errors="0">
  <testcase name="createPrortifolio" time="12.474" classname="testcases.CreatePrortifolio"/>
  <system-out/>
</testsuite> <!-- testcases.CreatePrortifolio -->
